{"C:\\Users\\jaramias\\Desktop\\people_project\\project_root\\lambdas\\api_node\\handler.js": {"path":"C:\\Users\\jaramias\\Desktop\\people_project\\project_root\\lambdas\\api_node\\handler.js","statementMap":{"0":{"start":{"line":1,"column":27},"end":{"line":1,"column":66}},"1":{"start":{"line":2,"column":16},"end":{"line":2,"column":36}},"2":{"start":{"line":4,"column":20},"end":{"line":12,"column":1}},"3":{"start":{"line":5,"column":2},"end":{"line":5,"column":31}},"4":{"start":{"line":6,"column":2},"end":{"line":11,"column":4}},"5":{"start":{"line":14,"column":0},"end":{"line":30,"column":2}},"6":{"start":{"line":15,"column":20},"end":{"line":15,"column":51}},"7":{"start":{"line":17,"column":2},"end":{"line":19,"column":3}},"8":{"start":{"line":18,"column":4},"end":{"line":18,"column":87}},"9":{"start":{"line":21,"column":2},"end":{"line":29,"column":3}},"10":{"start":{"line":22,"column":20},"end":{"line":22,"column":52}},"11":{"start":{"line":23,"column":4},"end":{"line":25,"column":5}},"12":{"start":{"line":24,"column":6},"end":{"line":24,"column":91}},"13":{"start":{"line":26,"column":4},"end":{"line":26,"column":62}},"14":{"start":{"line":28,"column":4},"end":{"line":28,"column":28}},"15":{"start":{"line":32,"column":0},"end":{"line":39,"column":2}},"16":{"start":{"line":33,"column":2},"end":{"line":38,"column":3}},"17":{"start":{"line":34,"column":21},"end":{"line":34,"column":43}},"18":{"start":{"line":35,"column":4},"end":{"line":35,"column":63}},"19":{"start":{"line":37,"column":4},"end":{"line":37,"column":28}},"20":{"start":{"line":41,"column":0},"end":{"line":65,"column":2}},"21":{"start":{"line":42,"column":20},"end":{"line":42,"column":51}},"22":{"start":{"line":44,"column":2},"end":{"line":46,"column":3}},"23":{"start":{"line":45,"column":4},"end":{"line":45,"column":87}},"24":{"start":{"line":49,"column":2},"end":{"line":53,"column":3}},"25":{"start":{"line":50,"column":4},"end":{"line":50,"column":43}},"26":{"start":{"line":52,"column":4},"end":{"line":52,"column":118}},"27":{"start":{"line":55,"column":2},"end":{"line":64,"column":3}},"28":{"start":{"line":56,"column":20},"end":{"line":56,"column":62}},"29":{"start":{"line":57,"column":4},"end":{"line":57,"column":62}},"30":{"start":{"line":59,"column":4},"end":{"line":62,"column":5}},"31":{"start":{"line":60,"column":6},"end":{"line":60,"column":27}},"32":{"start":{"line":61,"column":6},"end":{"line":61,"column":44}},"33":{"start":{"line":63,"column":4},"end":{"line":63,"column":33}},"34":{"start":{"line":67,"column":0},"end":{"line":84,"column":2}},"35":{"start":{"line":68,"column":20},"end":{"line":68,"column":51}},"36":{"start":{"line":70,"column":2},"end":{"line":72,"column":3}},"37":{"start":{"line":71,"column":4},"end":{"line":71,"column":87}},"38":{"start":{"line":74,"column":2},"end":{"line":83,"column":3}},"39":{"start":{"line":75,"column":19},"end":{"line":75,"column":52}},"40":{"start":{"line":76,"column":4},"end":{"line":76,"column":61}},"41":{"start":{"line":78,"column":4},"end":{"line":81,"column":5}},"42":{"start":{"line":79,"column":6},"end":{"line":79,"column":27}},"43":{"start":{"line":80,"column":6},"end":{"line":80,"column":44}},"44":{"start":{"line":82,"column":4},"end":{"line":82,"column":28}}},"fnMap":{"0":{"name":"(anonymous_0)","decl":{"start":{"line":4,"column":20},"end":{"line":4,"column":21}},"loc":{"start":{"line":4,"column":50},"end":{"line":12,"column":1}},"line":4},"1":{"name":"(anonymous_1)","decl":{"start":{"line":14,"column":27},"end":{"line":14,"column":28}},"loc":{"start":{"line":14,"column":44},"end":{"line":30,"column":1}},"line":14},"2":{"name":"(anonymous_2)","decl":{"start":{"line":32,"column":30},"end":{"line":32,"column":31}},"loc":{"start":{"line":32,"column":42},"end":{"line":39,"column":1}},"line":32},"3":{"name":"(anonymous_3)","decl":{"start":{"line":41,"column":30},"end":{"line":41,"column":31}},"loc":{"start":{"line":41,"column":47},"end":{"line":65,"column":1}},"line":41},"4":{"name":"(anonymous_4)","decl":{"start":{"line":67,"column":30},"end":{"line":67,"column":31}},"loc":{"start":{"line":67,"column":47},"end":{"line":84,"column":1}},"line":67}},"branchMap":{"0":{"loc":{"start":{"line":4,"column":26},"end":{"line":4,"column":45}},"type":"default-arg","locations":[{"start":{"line":4,"column":42},"end":{"line":4,"column":45}}],"line":4},"1":{"loc":{"start":{"line":7,"column":16},"end":{"line":7,"column":47}},"type":"binary-expr","locations":[{"start":{"line":7,"column":16},"end":{"line":7,"column":30}},{"start":{"line":7,"column":34},"end":{"line":7,"column":47}}],"line":7},"2":{"loc":{"start":{"line":9,"column":13},"end":{"line":9,"column":56}},"type":"binary-expr","locations":[{"start":{"line":9,"column":13},"end":{"line":9,"column":24}},{"start":{"line":9,"column":28},"end":{"line":9,"column":56}}],"line":9},"3":{"loc":{"start":{"line":17,"column":2},"end":{"line":19,"column":3}},"type":"if","locations":[{"start":{"line":17,"column":2},"end":{"line":19,"column":3}},{"start":{},"end":{}}],"line":17},"4":{"loc":{"start":{"line":23,"column":4},"end":{"line":25,"column":5}},"type":"if","locations":[{"start":{"line":23,"column":4},"end":{"line":25,"column":5}},{"start":{},"end":{}}],"line":23},"5":{"loc":{"start":{"line":44,"column":2},"end":{"line":46,"column":3}},"type":"if","locations":[{"start":{"line":44,"column":2},"end":{"line":46,"column":3}},{"start":{},"end":{}}],"line":44},"6":{"loc":{"start":{"line":50,"column":23},"end":{"line":50,"column":41}},"type":"binary-expr","locations":[{"start":{"line":50,"column":23},"end":{"line":50,"column":33}},{"start":{"line":50,"column":37},"end":{"line":50,"column":41}}],"line":50},"7":{"loc":{"start":{"line":59,"column":4},"end":{"line":62,"column":5}},"type":"if","locations":[{"start":{"line":59,"column":4},"end":{"line":62,"column":5}},{"start":{},"end":{}}],"line":59},"8":{"loc":{"start":{"line":70,"column":2},"end":{"line":72,"column":3}},"type":"if","locations":[{"start":{"line":70,"column":2},"end":{"line":72,"column":3}},{"start":{},"end":{}}],"line":70},"9":{"loc":{"start":{"line":78,"column":4},"end":{"line":81,"column":5}},"type":"if","locations":[{"start":{"line":78,"column":4},"end":{"line":81,"column":5}},{"start":{},"end":{}}],"line":78}},"s":{"0":1,"1":1,"2":1,"3":1,"4":1,"5":1,"6":3,"7":3,"8":1,"9":2,"10":2,"11":1,"12":0,"13":1,"14":1,"15":1,"16":0,"17":0,"18":0,"19":0,"20":1,"21":2,"22":2,"23":0,"24":2,"25":2,"26":1,"27":1,"28":1,"29":1,"30":0,"31":0,"32":0,"33":0,"34":1,"35":2,"36":2,"37":1,"38":1,"39":1,"40":1,"41":0,"42":0,"43":0,"44":0},"f":{"0":1,"1":3,"2":0,"3":2,"4":2},"b":{"0":[1],"1":[1,0],"2":[1,0],"3":[1,2],"4":[0,1],"5":[0,2],"6":[2,0],"7":[0,0],"8":[1,1],"9":[0,0]},"_coverageSchema":"1a1c01bbd47fc00a2c39e90264f33305004495a9","hash":"241c02668778f7dff6bb9a748cdeb5a2dd193682"}
,"C:\\Users\\jaramias\\Desktop\\people_project\\project_root\\lambdas\\api_node\\application\\person_service.js": {"path":"C:\\Users\\jaramias\\Desktop\\people_project\\project_root\\lambdas\\api_node\\application\\person_service.js","statementMap":{"0":{"start":{"line":1,"column":29},"end":{"line":1,"column":78}},"1":{"start":{"line":2,"column":20},"end":{"line":2,"column":50}},"2":{"start":{"line":4,"column":13},"end":{"line":4,"column":35}},"3":{"start":{"line":8,"column":4},"end":{"line":20,"column":5}},"4":{"start":{"line":9,"column":22},"end":{"line":9,"column":53}},"5":{"start":{"line":10,"column":6},"end":{"line":14,"column":7}},"6":{"start":{"line":11,"column":20},"end":{"line":11,"column":54}},"7":{"start":{"line":12,"column":8},"end":{"line":12,"column":29}},"8":{"start":{"line":13,"column":8},"end":{"line":13,"column":18}},"9":{"start":{"line":15,"column":6},"end":{"line":15,"column":21}},"10":{"start":{"line":17,"column":6},"end":{"line":17,"column":56}},"11":{"start":{"line":18,"column":6},"end":{"line":18,"column":52}},"12":{"start":{"line":18,"column":29},"end":{"line":18,"column":52}},"13":{"start":{"line":19,"column":6},"end":{"line":19,"column":18}},"14":{"start":{"line":24,"column":4},"end":{"line":31,"column":5}},"15":{"start":{"line":25,"column":6},"end":{"line":25,"column":39}},"16":{"start":{"line":27,"column":6},"end":{"line":27,"column":56}},"17":{"start":{"line":28,"column":18},"end":{"line":28,"column":55}},"18":{"start":{"line":29,"column":6},"end":{"line":29,"column":27}},"19":{"start":{"line":30,"column":6},"end":{"line":30,"column":16}},"20":{"start":{"line":35,"column":4},"end":{"line":79,"column":5}},"21":{"start":{"line":36,"column":31},"end":{"line":36,"column":62}},"22":{"start":{"line":37,"column":6},"end":{"line":41,"column":7}},"23":{"start":{"line":38,"column":20},"end":{"line":38,"column":54}},"24":{"start":{"line":39,"column":8},"end":{"line":39,"column":29}},"25":{"start":{"line":40,"column":8},"end":{"line":40,"column":18}},"26":{"start":{"line":43,"column":22},"end":{"line":43,"column":51}},"27":{"start":{"line":44,"column":6},"end":{"line":44,"column":32}},"28":{"start":{"line":46,"column":31},"end":{"line":46,"column":81}},"29":{"start":{"line":47,"column":34},"end":{"line":47,"column":36}},"30":{"start":{"line":49,"column":6},"end":{"line":53,"column":9}},"31":{"start":{"line":50,"column":8},"end":{"line":52,"column":9}},"32":{"start":{"line":51,"column":10},"end":{"line":51,"column":44}},"33":{"start":{"line":55,"column":6},"end":{"line":59,"column":7}},"34":{"start":{"line":56,"column":20},"end":{"line":56,"column":70}},"35":{"start":{"line":57,"column":8},"end":{"line":57,"column":29}},"36":{"start":{"line":58,"column":8},"end":{"line":58,"column":18}},"37":{"start":{"line":61,"column":26},"end":{"line":61,"column":81}},"38":{"start":{"line":62,"column":6},"end":{"line":62,"column":25}},"39":{"start":{"line":65,"column":6},"end":{"line":65,"column":59}},"40":{"start":{"line":67,"column":6},"end":{"line":76,"column":7}},"41":{"start":{"line":68,"column":8},"end":{"line":68,"column":31}},"42":{"start":{"line":69,"column":8},"end":{"line":69,"column":48}},"43":{"start":{"line":70,"column":13},"end":{"line":76,"column":7}},"44":{"start":{"line":71,"column":8},"end":{"line":71,"column":31}},"45":{"start":{"line":72,"column":8},"end":{"line":72,"column":59}},"46":{"start":{"line":73,"column":13},"end":{"line":76,"column":7}},"47":{"start":{"line":74,"column":8},"end":{"line":74,"column":31}},"48":{"start":{"line":75,"column":8},"end":{"line":75,"column":65}},"49":{"start":{"line":78,"column":6},"end":{"line":78,"column":18}},"50":{"start":{"line":83,"column":4},"end":{"line":104,"column":5}},"51":{"start":{"line":84,"column":31},"end":{"line":84,"column":62}},"52":{"start":{"line":85,"column":6},"end":{"line":89,"column":7}},"53":{"start":{"line":86,"column":20},"end":{"line":86,"column":54}},"54":{"start":{"line":87,"column":8},"end":{"line":87,"column":29}},"55":{"start":{"line":88,"column":8},"end":{"line":88,"column":18}},"56":{"start":{"line":91,"column":6},"end":{"line":91,"column":48}},"57":{"start":{"line":93,"column":6},"end":{"line":93,"column":57}},"58":{"start":{"line":95,"column":6},"end":{"line":101,"column":7}},"59":{"start":{"line":96,"column":8},"end":{"line":96,"column":31}},"60":{"start":{"line":97,"column":8},"end":{"line":97,"column":48}},"61":{"start":{"line":98,"column":13},"end":{"line":101,"column":7}},"62":{"start":{"line":99,"column":8},"end":{"line":99,"column":31}},"63":{"start":{"line":100,"column":8},"end":{"line":100,"column":60}},"64":{"start":{"line":103,"column":6},"end":{"line":103,"column":18}},"65":{"start":{"line":108,"column":0},"end":{"line":108,"column":36}}},"fnMap":{"0":{"name":"(anonymous_0)","decl":{"start":{"line":7,"column":2},"end":{"line":7,"column":3}},"loc":{"start":{"line":7,"column":27},"end":{"line":21,"column":3}},"line":7},"1":{"name":"(anonymous_1)","decl":{"start":{"line":23,"column":2},"end":{"line":23,"column":3}},"loc":{"start":{"line":23,"column":17},"end":{"line":32,"column":3}},"line":23},"2":{"name":"(anonymous_2)","decl":{"start":{"line":34,"column":2},"end":{"line":34,"column":3}},"loc":{"start":{"line":34,"column":37},"end":{"line":80,"column":3}},"line":34},"3":{"name":"(anonymous_3)","decl":{"start":{"line":49,"column":31},"end":{"line":49,"column":32}},"loc":{"start":{"line":49,"column":38},"end":{"line":53,"column":7}},"line":49},"4":{"name":"(anonymous_4)","decl":{"start":{"line":82,"column":2},"end":{"line":82,"column":3}},"loc":{"start":{"line":82,"column":28},"end":{"line":105,"column":3}},"line":82}},"branchMap":{"0":{"loc":{"start":{"line":10,"column":6},"end":{"line":14,"column":7}},"type":"if","locations":[{"start":{"line":10,"column":6},"end":{"line":14,"column":7}},{"start":{},"end":{}}],"line":10},"1":{"loc":{"start":{"line":18,"column":6},"end":{"line":18,"column":52}},"type":"if","locations":[{"start":{"line":18,"column":6},"end":{"line":18,"column":52}},{"start":{},"end":{}}],"line":18},"2":{"loc":{"start":{"line":37,"column":6},"end":{"line":41,"column":7}},"type":"if","locations":[{"start":{"line":37,"column":6},"end":{"line":41,"column":7}},{"start":{},"end":{}}],"line":37},"3":{"loc":{"start":{"line":50,"column":8},"end":{"line":52,"column":9}},"type":"if","locations":[{"start":{"line":50,"column":8},"end":{"line":52,"column":9}},{"start":{},"end":{}}],"line":50},"4":{"loc":{"start":{"line":50,"column":12},"end":{"line":50,"column":74}},"type":"binary-expr","locations":[{"start":{"line":50,"column":12},"end":{"line":50,"column":34}},{"start":{"line":50,"column":38},"end":{"line":50,"column":55}},{"start":{"line":50,"column":59},"end":{"line":50,"column":74}}],"line":50},"5":{"loc":{"start":{"line":55,"column":6},"end":{"line":59,"column":7}},"type":"if","locations":[{"start":{"line":55,"column":6},"end":{"line":59,"column":7}},{"start":{},"end":{}}],"line":55},"6":{"loc":{"start":{"line":67,"column":6},"end":{"line":76,"column":7}},"type":"if","locations":[{"start":{"line":67,"column":6},"end":{"line":76,"column":7}},{"start":{"line":70,"column":13},"end":{"line":76,"column":7}}],"line":67},"7":{"loc":{"start":{"line":70,"column":13},"end":{"line":76,"column":7}},"type":"if","locations":[{"start":{"line":70,"column":13},"end":{"line":76,"column":7}},{"start":{"line":73,"column":13},"end":{"line":76,"column":7}}],"line":70},"8":{"loc":{"start":{"line":73,"column":13},"end":{"line":76,"column":7}},"type":"if","locations":[{"start":{"line":73,"column":13},"end":{"line":76,"column":7}},{"start":{},"end":{}}],"line":73},"9":{"loc":{"start":{"line":85,"column":6},"end":{"line":89,"column":7}},"type":"if","locations":[{"start":{"line":85,"column":6},"end":{"line":89,"column":7}},{"start":{},"end":{}}],"line":85},"10":{"loc":{"start":{"line":95,"column":6},"end":{"line":101,"column":7}},"type":"if","locations":[{"start":{"line":95,"column":6},"end":{"line":101,"column":7}},{"start":{"line":98,"column":13},"end":{"line":101,"column":7}}],"line":95},"11":{"loc":{"start":{"line":98,"column":13},"end":{"line":101,"column":7}},"type":"if","locations":[{"start":{"line":98,"column":13},"end":{"line":101,"column":7}},{"start":{},"end":{}}],"line":98}},"s":{"0":1,"1":1,"2":1,"3":2,"4":2,"5":2,"6":1,"7":1,"8":1,"9":1,"10":1,"11":1,"12":0,"13":1,"14":0,"15":0,"16":0,"17":0,"18":0,"19":0,"20":3,"21":3,"22":3,"23":1,"24":1,"25":1,"26":2,"27":2,"28":2,"29":2,"30":2,"31":8,"32":2,"33":2,"34":1,"35":1,"36":1,"37":1,"38":1,"39":2,"40":2,"41":0,"42":0,"43":2,"44":0,"45":0,"46":2,"47":0,"48":0,"49":2,"50":2,"51":2,"52":2,"53":1,"54":1,"55":1,"56":1,"57":1,"58":1,"59":0,"60":0,"61":1,"62":0,"63":0,"64":1,"65":1},"f":{"0":2,"1":0,"2":3,"3":8,"4":2},"b":{"0":[1,1],"1":[0,1],"2":[1,2],"3":[2,6],"4":[8,6,5],"5":[1,1],"6":[0,2],"7":[0,2],"8":[0,2],"9":[1,1],"10":[0,1],"11":[0,1]},"_coverageSchema":"1a1c01bbd47fc00a2c39e90264f33305004495a9","hash":"aa9668a5eb7f8715912e7bbb777eda64b96c3734"}
,"C:\\Users\\jaramias\\Desktop\\people_project\\project_root\\lambdas\\api_node\\domain\\person.js": {"path":"C:\\Users\\jaramias\\Desktop\\people_project\\project_root\\lambdas\\api_node\\domain\\person.js","statementMap":{"0":{"start":{"line":3,"column":4},"end":{"line":5,"column":5}},"1":{"start":{"line":4,"column":6},"end":{"line":4,"column":99}},"2":{"start":{"line":7,"column":4},"end":{"line":7,"column":41}},"3":{"start":{"line":8,"column":4},"end":{"line":8,"column":31}},"4":{"start":{"line":9,"column":4},"end":{"line":9,"column":25}},"5":{"start":{"line":10,"column":4},"end":{"line":10,"column":29}},"6":{"start":{"line":11,"column":4},"end":{"line":11,"column":33}},"7":{"start":{"line":15,"column":4},"end":{"line":15,"column":49}},"8":{"start":{"line":15,"column":22},"end":{"line":15,"column":49}},"9":{"start":{"line":16,"column":4},"end":{"line":16,"column":55}},"10":{"start":{"line":16,"column":24},"end":{"line":16,"column":55}},"11":{"start":{"line":17,"column":4},"end":{"line":17,"column":49}},"12":{"start":{"line":17,"column":22},"end":{"line":17,"column":49}},"13":{"start":{"line":21,"column":4},"end":{"line":27,"column":6}},"14":{"start":{"line":30,"column":0},"end":{"line":30,"column":29}}},"fnMap":{"0":{"name":"(anonymous_0)","decl":{"start":{"line":2,"column":2},"end":{"line":2,"column":3}},"loc":{"start":{"line":2,"column":71},"end":{"line":12,"column":3}},"line":2},"1":{"name":"(anonymous_1)","decl":{"start":{"line":14,"column":2},"end":{"line":14,"column":3}},"loc":{"start":{"line":14,"column":20},"end":{"line":18,"column":3}},"line":14},"2":{"name":"(anonymous_2)","decl":{"start":{"line":20,"column":2},"end":{"line":20,"column":3}},"loc":{"start":{"line":20,"column":11},"end":{"line":28,"column":3}},"line":20}},"branchMap":{"0":{"loc":{"start":{"line":3,"column":4},"end":{"line":5,"column":5}},"type":"if","locations":[{"start":{"line":3,"column":4},"end":{"line":5,"column":5}},{"start":{},"end":{}}],"line":3},"1":{"loc":{"start":{"line":3,"column":8},"end":{"line":3,"column":61}},"type":"binary-expr","locations":[{"start":{"line":3,"column":8},"end":{"line":3,"column":23}},{"start":{"line":3,"column":27},"end":{"line":3,"column":37}},{"start":{"line":3,"column":41},"end":{"line":3,"column":48}},{"start":{"line":3,"column":52},"end":{"line":3,"column":61}}],"line":3},"2":{"loc":{"start":{"line":11,"column":18},"end":{"line":11,"column":32}},"type":"binary-expr","locations":[{"start":{"line":11,"column":18},"end":{"line":11,"column":24}},{"start":{"line":11,"column":28},"end":{"line":11,"column":32}}],"line":11},"3":{"loc":{"start":{"line":15,"column":4},"end":{"line":15,"column":49}},"type":"if","locations":[{"start":{"line":15,"column":4},"end":{"line":15,"column":49}},{"start":{},"end":{}}],"line":15},"4":{"loc":{"start":{"line":16,"column":4},"end":{"line":16,"column":55}},"type":"if","locations":[{"start":{"line":16,"column":4},"end":{"line":16,"column":55}},{"start":{},"end":{}}],"line":16},"5":{"loc":{"start":{"line":17,"column":4},"end":{"line":17,"column":49}},"type":"if","locations":[{"start":{"line":17,"column":4},"end":{"line":17,"column":49}},{"start":{},"end":{}}],"line":17}},"s":{"0":6,"1":4,"2":2,"3":2,"4":2,"5":2,"6":2,"7":0,"8":0,"9":0,"10":0,"11":0,"12":0,"13":1,"14":1},"f":{"0":6,"1":0,"2":1},"b":{"0":[4,2],"1":[6,5,4,3],"2":[2,2],"3":[0,0],"4":[0,0],"5":[0,0]},"_coverageSchema":"1a1c01bbd47fc00a2c39e90264f33305004495a9","hash":"2ef989b66b485067ac7e258c6ba650c52a2fc75d"}
,"C:\\Users\\jaramias\\Desktop\\people_project\\project_root\\lambdas\\api_node\\infrastructure\\dynamo_repository.js": {"path":"C:\\Users\\jaramias\\Desktop\\people_project\\project_root\\lambdas\\api_node\\infrastructure\\dynamo_repository.js","statementMap":{"0":{"start":{"line":1,"column":12},"end":{"line":1,"column":30}},"1":{"start":{"line":2,"column":15},"end":{"line":2,"column":48}},"2":{"start":{"line":6,"column":4},"end":{"line":6,"column":46}},"3":{"start":{"line":10,"column":4},"end":{"line":30,"column":5}},"4":{"start":{"line":11,"column":21},"end":{"line":14,"column":7}},"5":{"start":{"line":16,"column":21},"end":{"line":16,"column":55}},"6":{"start":{"line":17,"column":6},"end":{"line":21,"column":7}},"7":{"start":{"line":18,"column":20},"end":{"line":18,"column":54}},"8":{"start":{"line":19,"column":8},"end":{"line":19,"column":29}},"9":{"start":{"line":20,"column":8},"end":{"line":20,"column":18}},"10":{"start":{"line":23,"column":6},"end":{"line":23,"column":25}},"11":{"start":{"line":26,"column":6},"end":{"line":26,"column":50}},"12":{"start":{"line":28,"column":6},"end":{"line":28,"column":49}},"13":{"start":{"line":28,"column":37},"end":{"line":28,"column":49}},"14":{"start":{"line":29,"column":6},"end":{"line":29,"column":56}},"15":{"start":{"line":34,"column":4},"end":{"line":42,"column":5}},"16":{"start":{"line":35,"column":21},"end":{"line":35,"column":50}},"17":{"start":{"line":36,"column":21},"end":{"line":36,"column":56}},"18":{"start":{"line":37,"column":6},"end":{"line":37,"column":32}},"19":{"start":{"line":39,"column":6},"end":{"line":39,"column":53}},"20":{"start":{"line":40,"column":6},"end":{"line":40,"column":49}},"21":{"start":{"line":40,"column":37},"end":{"line":40,"column":49}},"22":{"start":{"line":41,"column":6},"end":{"line":41,"column":56}},"23":{"start":{"line":46,"column":4},"end":{"line":90,"column":5}},"24":{"start":{"line":47,"column":25},"end":{"line":47,"column":27}},"25":{"start":{"line":48,"column":29},"end":{"line":48,"column":31}},"26":{"start":{"line":49,"column":28},"end":{"line":49,"column":30}},"27":{"start":{"line":51,"column":6},"end":{"line":55,"column":7}},"28":{"start":{"line":52,"column":20},"end":{"line":52,"column":69}},"29":{"start":{"line":53,"column":8},"end":{"line":53,"column":29}},"30":{"start":{"line":54,"column":8},"end":{"line":54,"column":18}},"31":{"start":{"line":57,"column":6},"end":{"line":63,"column":9}},"32":{"start":{"line":58,"column":8},"end":{"line":62,"column":9}},"33":{"start":{"line":59,"column":10},"end":{"line":59,"column":43}},"34":{"start":{"line":60,"column":10},"end":{"line":60,"column":37}},"35":{"start":{"line":61,"column":10},"end":{"line":61,"column":45}},"36":{"start":{"line":65,"column":6},"end":{"line":69,"column":7}},"37":{"start":{"line":66,"column":20},"end":{"line":66,"column":81}},"38":{"start":{"line":67,"column":8},"end":{"line":67,"column":29}},"39":{"start":{"line":68,"column":8},"end":{"line":68,"column":18}},"40":{"start":{"line":71,"column":21},"end":{"line":79,"column":7}},"41":{"start":{"line":81,"column":6},"end":{"line":81,"column":69}},"42":{"start":{"line":83,"column":21},"end":{"line":83,"column":58}},"43":{"start":{"line":84,"column":6},"end":{"line":84,"column":31}},"44":{"start":{"line":87,"column":6},"end":{"line":87,"column":53}},"45":{"start":{"line":88,"column":6},"end":{"line":88,"column":49}},"46":{"start":{"line":88,"column":37},"end":{"line":88,"column":49}},"47":{"start":{"line":89,"column":6},"end":{"line":89,"column":59}},"48":{"start":{"line":94,"column":4},"end":{"line":108,"column":5}},"49":{"start":{"line":95,"column":21},"end":{"line":99,"column":7}},"50":{"start":{"line":101,"column":6},"end":{"line":101,"column":44}},"51":{"start":{"line":102,"column":6},"end":{"line":102,"column":31}},"52":{"start":{"line":105,"column":6},"end":{"line":105,"column":53}},"53":{"start":{"line":106,"column":6},"end":{"line":106,"column":49}},"54":{"start":{"line":106,"column":37},"end":{"line":106,"column":49}},"55":{"start":{"line":107,"column":6},"end":{"line":107,"column":57}},"56":{"start":{"line":112,"column":4},"end":{"line":116,"column":5}},"57":{"start":{"line":113,"column":18},"end":{"line":113,"column":79}},"58":{"start":{"line":114,"column":6},"end":{"line":114,"column":27}},"59":{"start":{"line":115,"column":6},"end":{"line":115,"column":16}},"60":{"start":{"line":118,"column":4},"end":{"line":122,"column":5}},"61":{"start":{"line":119,"column":18},"end":{"line":119,"column":67}},"62":{"start":{"line":120,"column":6},"end":{"line":120,"column":27}},"63":{"start":{"line":121,"column":6},"end":{"line":121,"column":16}},"64":{"start":{"line":124,"column":4},"end":{"line":128,"column":5}},"65":{"start":{"line":125,"column":18},"end":{"line":125,"column":60}},"66":{"start":{"line":126,"column":6},"end":{"line":126,"column":27}},"67":{"start":{"line":127,"column":6},"end":{"line":127,"column":16}},"68":{"start":{"line":130,"column":16},"end":{"line":130,"column":59}},"69":{"start":{"line":131,"column":4},"end":{"line":131,"column":25}},"70":{"start":{"line":132,"column":4},"end":{"line":132,"column":42}},"71":{"start":{"line":133,"column":4},"end":{"line":133,"column":14}},"72":{"start":{"line":137,"column":0},"end":{"line":137,"column":38}}},"fnMap":{"0":{"name":"(anonymous_0)","decl":{"start":{"line":5,"column":2},"end":{"line":5,"column":3}},"loc":{"start":{"line":5,"column":16},"end":{"line":7,"column":3}},"line":5},"1":{"name":"(anonymous_1)","decl":{"start":{"line":9,"column":2},"end":{"line":9,"column":3}},"loc":{"start":{"line":9,"column":29},"end":{"line":31,"column":3}},"line":9},"2":{"name":"(anonymous_2)","decl":{"start":{"line":33,"column":2},"end":{"line":33,"column":3}},"loc":{"start":{"line":33,"column":23},"end":{"line":43,"column":3}},"line":33},"3":{"name":"(anonymous_3)","decl":{"start":{"line":45,"column":2},"end":{"line":45,"column":3}},"loc":{"start":{"line":45,"column":39},"end":{"line":91,"column":3}},"line":45},"4":{"name":"(anonymous_4)","decl":{"start":{"line":57,"column":33},"end":{"line":57,"column":34}},"loc":{"start":{"line":57,"column":40},"end":{"line":63,"column":7}},"line":57},"5":{"name":"(anonymous_5)","decl":{"start":{"line":93,"column":2},"end":{"line":93,"column":3}},"loc":{"start":{"line":93,"column":32},"end":{"line":109,"column":3}},"line":93},"6":{"name":"(anonymous_6)","decl":{"start":{"line":111,"column":2},"end":{"line":111,"column":3}},"loc":{"start":{"line":111,"column":39},"end":{"line":134,"column":3}},"line":111}},"branchMap":{"0":{"loc":{"start":{"line":17,"column":6},"end":{"line":21,"column":7}},"type":"if","locations":[{"start":{"line":17,"column":6},"end":{"line":21,"column":7}},{"start":{},"end":{}}],"line":17},"1":{"loc":{"start":{"line":28,"column":6},"end":{"line":28,"column":49}},"type":"if","locations":[{"start":{"line":28,"column":6},"end":{"line":28,"column":49}},{"start":{},"end":{}}],"line":28},"2":{"loc":{"start":{"line":28,"column":10},"end":{"line":28,"column":35}},"type":"binary-expr","locations":[{"start":{"line":28,"column":10},"end":{"line":28,"column":15}},{"start":{"line":28,"column":19},"end":{"line":28,"column":35}}],"line":28},"3":{"loc":{"start":{"line":37,"column":13},"end":{"line":37,"column":31}},"type":"binary-expr","locations":[{"start":{"line":37,"column":13},"end":{"line":37,"column":25}},{"start":{"line":37,"column":29},"end":{"line":37,"column":31}}],"line":37},"4":{"loc":{"start":{"line":40,"column":6},"end":{"line":40,"column":49}},"type":"if","locations":[{"start":{"line":40,"column":6},"end":{"line":40,"column":49}},{"start":{},"end":{}}],"line":40},"5":{"loc":{"start":{"line":40,"column":10},"end":{"line":40,"column":35}},"type":"binary-expr","locations":[{"start":{"line":40,"column":10},"end":{"line":40,"column":15}},{"start":{"line":40,"column":19},"end":{"line":40,"column":35}}],"line":40},"6":{"loc":{"start":{"line":51,"column":6},"end":{"line":55,"column":7}},"type":"if","locations":[{"start":{"line":51,"column":6},"end":{"line":55,"column":7}},{"start":{},"end":{}}],"line":51},"7":{"loc":{"start":{"line":51,"column":10},"end":{"line":51,"column":51}},"type":"binary-expr","locations":[{"start":{"line":51,"column":10},"end":{"line":51,"column":16}},{"start":{"line":51,"column":20},"end":{"line":51,"column":51}}],"line":51},"8":{"loc":{"start":{"line":58,"column":8},"end":{"line":62,"column":9}},"type":"if","locations":[{"start":{"line":58,"column":8},"end":{"line":62,"column":9}},{"start":{},"end":{}}],"line":58},"9":{"loc":{"start":{"line":58,"column":12},"end":{"line":58,"column":55}},"type":"binary-expr","locations":[{"start":{"line":58,"column":12},"end":{"line":58,"column":34}},{"start":{"line":58,"column":38},"end":{"line":58,"column":55}}],"line":58},"10":{"loc":{"start":{"line":65,"column":6},"end":{"line":69,"column":7}},"type":"if","locations":[{"start":{"line":65,"column":6},"end":{"line":69,"column":7}},{"start":{},"end":{}}],"line":65},"11":{"loc":{"start":{"line":88,"column":6},"end":{"line":88,"column":49}},"type":"if","locations":[{"start":{"line":88,"column":6},"end":{"line":88,"column":49}},{"start":{},"end":{}}],"line":88},"12":{"loc":{"start":{"line":88,"column":10},"end":{"line":88,"column":35}},"type":"binary-expr","locations":[{"start":{"line":88,"column":10},"end":{"line":88,"column":15}},{"start":{"line":88,"column":19},"end":{"line":88,"column":35}}],"line":88},"13":{"loc":{"start":{"line":106,"column":6},"end":{"line":106,"column":49}},"type":"if","locations":[{"start":{"line":106,"column":6},"end":{"line":106,"column":49}},{"start":{},"end":{}}],"line":106},"14":{"loc":{"start":{"line":106,"column":10},"end":{"line":106,"column":35}},"type":"binary-expr","locations":[{"start":{"line":106,"column":10},"end":{"line":106,"column":15}},{"start":{"line":106,"column":19},"end":{"line":106,"column":35}}],"line":106},"15":{"loc":{"start":{"line":112,"column":4},"end":{"line":116,"column":5}},"type":"if","locations":[{"start":{"line":112,"column":4},"end":{"line":116,"column":5}},{"start":{},"end":{}}],"line":112},"16":{"loc":{"start":{"line":112,"column":8},"end":{"line":112,"column":65}},"type":"binary-expr","locations":[{"start":{"line":112,"column":8},"end":{"line":112,"column":13}},{"start":{"line":112,"column":17},"end":{"line":112,"column":65}}],"line":112},"17":{"loc":{"start":{"line":118,"column":4},"end":{"line":122,"column":5}},"type":"if","locations":[{"start":{"line":118,"column":4},"end":{"line":122,"column":5}},{"start":{},"end":{}}],"line":118},"18":{"loc":{"start":{"line":118,"column":8},"end":{"line":118,"column":53}},"type":"binary-expr","locations":[{"start":{"line":118,"column":8},"end":{"line":118,"column":13}},{"start":{"line":118,"column":17},"end":{"line":118,"column":53}}],"line":118},"19":{"loc":{"start":{"line":124,"column":4},"end":{"line":128,"column":5}},"type":"if","locations":[{"start":{"line":124,"column":4},"end":{"line":128,"column":5}},{"start":{},"end":{}}],"line":124},"20":{"loc":{"start":{"line":124,"column":8},"end":{"line":124,"column":59}},"type":"binary-expr","locations":[{"start":{"line":124,"column":8},"end":{"line":124,"column":13}},{"start":{"line":124,"column":17},"end":{"line":124,"column":59}}],"line":124},"21":{"loc":{"start":{"line":132,"column":19},"end":{"line":132,"column":41}},"type":"binary-expr","locations":[{"start":{"line":132,"column":19},"end":{"line":132,"column":24}},{"start":{"line":132,"column":28},"end":{"line":132,"column":41}}],"line":132}},"s":{"0":1,"1":1,"2":8,"3":2,"4":2,"5":2,"6":2,"7":1,"8":1,"9":1,"10":1,"11":1,"12":1,"13":1,"14":0,"15":1,"16":1,"17":1,"18":1,"19":0,"20":0,"21":0,"22":0,"23":2,"24":2,"25":2,"26":2,"27":2,"28":1,"29":1,"30":1,"31":1,"32":1,"33":1,"34":1,"35":1,"36":1,"37":0,"38":0,"39":0,"40":1,"41":1,"42":1,"43":1,"44":1,"45":1,"46":1,"47":0,"48":1,"49":1,"50":1,"51":1,"52":0,"53":0,"54":0,"55":0,"56":0,"57":0,"58":0,"59":0,"60":0,"61":0,"62":0,"63":0,"64":0,"65":0,"66":0,"67":0,"68":0,"69":0,"70":0,"71":0,"72":1},"f":{"0":8,"1":2,"2":1,"3":2,"4":1,"5":1,"6":0},"b":{"0":[1,1],"1":[1,0],"2":[1,1],"3":[1,0],"4":[0,0],"5":[0,0],"6":[1,1],"7":[2,2],"8":[1,0],"9":[1,1],"10":[0,1],"11":[1,0],"12":[1,1],"13":[0,0],"14":[0,0],"15":[0,0],"16":[0,0],"17":[0,0],"18":[0,0],"19":[0,0],"20":[0,0],"21":[0,0]},"_coverageSchema":"1a1c01bbd47fc00a2c39e90264f33305004495a9","hash":"2f2a7424009659793763353c0b21a27cefe22afb"}
}
