{"C:\\Users\\jaramias\\Desktop\\people_project\\project_root\\lambdas\\api_node\\handler.js": {"path":"C:\\Users\\jaramias\\Desktop\\people_project\\project_root\\lambdas\\api_node\\handler.js","statementMap":{"0":{"start":{"line":1,"column":27},"end":{"line":1,"column":66}},"1":{"start":{"line":2,"column":16},"end":{"line":2,"column":36}},"2":{"start":{"line":23,"column":0},"end":{"line":34,"column":2}},"3":{"start":{"line":24,"column":2},"end":{"line":26,"column":3}},"4":{"start":{"line":25,"column":4},"end":{"line":25,"column":64}},"5":{"start":{"line":28,"column":2},"end":{"line":33,"column":3}},"6":{"start":{"line":29,"column":20},"end":{"line":29,"column":73}},"7":{"start":{"line":30,"column":4},"end":{"line":30,"column":39}},"8":{"start":{"line":32,"column":4},"end":{"line":32,"column":28}},"9":{"start":{"line":36,"column":0},"end":{"line":43,"column":2}},"10":{"start":{"line":37,"column":2},"end":{"line":42,"column":3}},"11":{"start":{"line":38,"column":21},"end":{"line":38,"column":43}},"12":{"start":{"line":39,"column":4},"end":{"line":39,"column":63}},"13":{"start":{"line":41,"column":4},"end":{"line":41,"column":28}},"14":{"start":{"line":45,"column":0},"end":{"line":68,"column":2}},"15":{"start":{"line":46,"column":2},"end":{"line":48,"column":3}},"16":{"start":{"line":47,"column":4},"end":{"line":47,"column":64}},"17":{"start":{"line":51,"column":2},"end":{"line":55,"column":3}},"18":{"start":{"line":52,"column":4},"end":{"line":52,"column":43}},"19":{"start":{"line":54,"column":4},"end":{"line":54,"column":66}},"20":{"start":{"line":57,"column":2},"end":{"line":67,"column":3}},"21":{"start":{"line":58,"column":20},"end":{"line":58,"column":83}},"22":{"start":{"line":59,"column":4},"end":{"line":59,"column":39}},"23":{"start":{"line":62,"column":4},"end":{"line":65,"column":5}},"24":{"start":{"line":63,"column":6},"end":{"line":63,"column":27}},"25":{"start":{"line":64,"column":6},"end":{"line":64,"column":44}},"26":{"start":{"line":66,"column":4},"end":{"line":66,"column":33}},"27":{"start":{"line":70,"column":0},"end":{"line":87,"column":2}},"28":{"start":{"line":71,"column":20},"end":{"line":71,"column":51}},"29":{"start":{"line":73,"column":2},"end":{"line":75,"column":3}},"30":{"start":{"line":74,"column":4},"end":{"line":74,"column":87}},"31":{"start":{"line":77,"column":2},"end":{"line":86,"column":3}},"32":{"start":{"line":78,"column":19},"end":{"line":78,"column":52}},"33":{"start":{"line":79,"column":4},"end":{"line":79,"column":61}},"34":{"start":{"line":81,"column":4},"end":{"line":84,"column":5}},"35":{"start":{"line":82,"column":6},"end":{"line":82,"column":27}},"36":{"start":{"line":83,"column":6},"end":{"line":83,"column":44}},"37":{"start":{"line":85,"column":4},"end":{"line":85,"column":28}}},"fnMap":{"0":{"name":"(anonymous_0)","decl":{"start":{"line":23,"column":27},"end":{"line":23,"column":28}},"loc":{"start":{"line":23,"column":44},"end":{"line":34,"column":1}},"line":23},"1":{"name":"(anonymous_1)","decl":{"start":{"line":36,"column":30},"end":{"line":36,"column":31}},"loc":{"start":{"line":36,"column":42},"end":{"line":43,"column":1}},"line":36},"2":{"name":"(anonymous_2)","decl":{"start":{"line":45,"column":30},"end":{"line":45,"column":31}},"loc":{"start":{"line":45,"column":47},"end":{"line":68,"column":1}},"line":45},"3":{"name":"(anonymous_3)","decl":{"start":{"line":70,"column":30},"end":{"line":70,"column":31}},"loc":{"start":{"line":70,"column":47},"end":{"line":87,"column":1}},"line":70}},"branchMap":{"0":{"loc":{"start":{"line":24,"column":2},"end":{"line":26,"column":3}},"type":"if","locations":[{"start":{"line":24,"column":2},"end":{"line":26,"column":3}},{"start":{},"end":{}}],"line":24},"1":{"loc":{"start":{"line":46,"column":2},"end":{"line":48,"column":3}},"type":"if","locations":[{"start":{"line":46,"column":2},"end":{"line":48,"column":3}},{"start":{},"end":{}}],"line":46},"2":{"loc":{"start":{"line":52,"column":23},"end":{"line":52,"column":41}},"type":"binary-expr","locations":[{"start":{"line":52,"column":23},"end":{"line":52,"column":33}},{"start":{"line":52,"column":37},"end":{"line":52,"column":41}}],"line":52},"3":{"loc":{"start":{"line":62,"column":4},"end":{"line":65,"column":5}},"type":"if","locations":[{"start":{"line":62,"column":4},"end":{"line":65,"column":5}}],"line":62},"4":{"loc":{"start":{"line":73,"column":2},"end":{"line":75,"column":3}},"type":"if","locations":[{"start":{"line":73,"column":2},"end":{"line":75,"column":3}},{"start":{},"end":{}}],"line":73},"5":{"loc":{"start":{"line":81,"column":4},"end":{"line":84,"column":5}},"type":"if","locations":[{"start":{"line":81,"column":4},"end":{"line":84,"column":5}},{"start":{},"end":{}}],"line":81}},"s":{"0":1,"1":1,"2":1,"3":4,"4":1,"5":3,"6":3,"7":1,"8":2,"9":1,"10":2,"11":2,"12":1,"13":1,"14":1,"15":4,"16":0,"17":4,"18":4,"19":2,"20":2,"21":2,"22":1,"23":1,"24":0,"25":0,"26":1,"27":1,"28":4,"29":4,"30":1,"31":3,"32":3,"33":1,"34":2,"35":1,"36":1,"37":2},"f":{"0":4,"1":2,"2":4,"3":4},"b":{"0":[1,3],"1":[0,4],"2":[4,0],"3":[0],"4":[1,3],"5":[1,1]},"_coverageSchema":"1a1c01bbd47fc00a2c39e90264f33305004495a9","hash":"66cc2e03996e23f47b4a8e6be65406a27bd9e365"}
,"C:\\Users\\jaramias\\Desktop\\people_project\\project_root\\lambdas\\api_node\\application\\person_service.js": {"path":"C:\\Users\\jaramias\\Desktop\\people_project\\project_root\\lambdas\\api_node\\application\\person_service.js","statementMap":{"0":{"start":{"line":1,"column":29},"end":{"line":1,"column":78}},"1":{"start":{"line":2,"column":20},"end":{"line":2,"column":50}},"2":{"start":{"line":4,"column":13},"end":{"line":4,"column":35}},"3":{"start":{"line":8,"column":4},"end":{"line":20,"column":5}},"4":{"start":{"line":9,"column":22},"end":{"line":9,"column":53}},"5":{"start":{"line":10,"column":6},"end":{"line":14,"column":7}},"6":{"start":{"line":11,"column":20},"end":{"line":11,"column":54}},"7":{"start":{"line":12,"column":8},"end":{"line":12,"column":29}},"8":{"start":{"line":13,"column":8},"end":{"line":13,"column":18}},"9":{"start":{"line":15,"column":6},"end":{"line":15,"column":21}},"10":{"start":{"line":17,"column":6},"end":{"line":17,"column":56}},"11":{"start":{"line":18,"column":6},"end":{"line":18,"column":52}},"12":{"start":{"line":18,"column":29},"end":{"line":18,"column":52}},"13":{"start":{"line":19,"column":6},"end":{"line":19,"column":18}},"14":{"start":{"line":24,"column":4},"end":{"line":31,"column":5}},"15":{"start":{"line":25,"column":6},"end":{"line":25,"column":39}},"16":{"start":{"line":27,"column":6},"end":{"line":27,"column":56}},"17":{"start":{"line":28,"column":18},"end":{"line":28,"column":55}},"18":{"start":{"line":29,"column":6},"end":{"line":29,"column":27}},"19":{"start":{"line":30,"column":6},"end":{"line":30,"column":16}},"20":{"start":{"line":35,"column":4},"end":{"line":79,"column":5}},"21":{"start":{"line":36,"column":31},"end":{"line":36,"column":62}},"22":{"start":{"line":37,"column":6},"end":{"line":41,"column":7}},"23":{"start":{"line":38,"column":20},"end":{"line":38,"column":54}},"24":{"start":{"line":39,"column":8},"end":{"line":39,"column":29}},"25":{"start":{"line":40,"column":8},"end":{"line":40,"column":18}},"26":{"start":{"line":43,"column":22},"end":{"line":43,"column":51}},"27":{"start":{"line":44,"column":6},"end":{"line":44,"column":32}},"28":{"start":{"line":46,"column":31},"end":{"line":46,"column":81}},"29":{"start":{"line":47,"column":34},"end":{"line":47,"column":36}},"30":{"start":{"line":49,"column":6},"end":{"line":53,"column":9}},"31":{"start":{"line":50,"column":8},"end":{"line":52,"column":9}},"32":{"start":{"line":51,"column":10},"end":{"line":51,"column":44}},"33":{"start":{"line":55,"column":6},"end":{"line":59,"column":7}},"34":{"start":{"line":56,"column":20},"end":{"line":56,"column":70}},"35":{"start":{"line":57,"column":8},"end":{"line":57,"column":29}},"36":{"start":{"line":58,"column":8},"end":{"line":58,"column":18}},"37":{"start":{"line":61,"column":26},"end":{"line":61,"column":81}},"38":{"start":{"line":62,"column":6},"end":{"line":62,"column":25}},"39":{"start":{"line":65,"column":6},"end":{"line":65,"column":59}},"40":{"start":{"line":67,"column":6},"end":{"line":76,"column":7}},"41":{"start":{"line":68,"column":8},"end":{"line":68,"column":31}},"42":{"start":{"line":69,"column":8},"end":{"line":69,"column":48}},"43":{"start":{"line":70,"column":13},"end":{"line":76,"column":7}},"44":{"start":{"line":71,"column":8},"end":{"line":71,"column":31}},"45":{"start":{"line":72,"column":8},"end":{"line":72,"column":59}},"46":{"start":{"line":73,"column":13},"end":{"line":76,"column":7}},"47":{"start":{"line":74,"column":8},"end":{"line":74,"column":31}},"48":{"start":{"line":75,"column":8},"end":{"line":75,"column":65}},"49":{"start":{"line":78,"column":6},"end":{"line":78,"column":18}},"50":{"start":{"line":83,"column":4},"end":{"line":104,"column":5}},"51":{"start":{"line":84,"column":31},"end":{"line":84,"column":62}},"52":{"start":{"line":85,"column":6},"end":{"line":89,"column":7}},"53":{"start":{"line":86,"column":20},"end":{"line":86,"column":54}},"54":{"start":{"line":87,"column":8},"end":{"line":87,"column":29}},"55":{"start":{"line":88,"column":8},"end":{"line":88,"column":18}},"56":{"start":{"line":91,"column":6},"end":{"line":91,"column":48}},"57":{"start":{"line":93,"column":6},"end":{"line":93,"column":57}},"58":{"start":{"line":95,"column":6},"end":{"line":101,"column":7}},"59":{"start":{"line":96,"column":8},"end":{"line":96,"column":31}},"60":{"start":{"line":97,"column":8},"end":{"line":97,"column":48}},"61":{"start":{"line":98,"column":13},"end":{"line":101,"column":7}},"62":{"start":{"line":99,"column":8},"end":{"line":99,"column":31}},"63":{"start":{"line":100,"column":8},"end":{"line":100,"column":60}},"64":{"start":{"line":103,"column":6},"end":{"line":103,"column":18}},"65":{"start":{"line":126,"column":0},"end":{"line":126,"column":36}}},"fnMap":{"0":{"name":"(anonymous_0)","decl":{"start":{"line":7,"column":2},"end":{"line":7,"column":3}},"loc":{"start":{"line":7,"column":27},"end":{"line":21,"column":3}},"line":7},"1":{"name":"(anonymous_1)","decl":{"start":{"line":23,"column":2},"end":{"line":23,"column":3}},"loc":{"start":{"line":23,"column":17},"end":{"line":32,"column":3}},"line":23},"2":{"name":"(anonymous_2)","decl":{"start":{"line":34,"column":2},"end":{"line":34,"column":3}},"loc":{"start":{"line":34,"column":37},"end":{"line":80,"column":3}},"line":34},"3":{"name":"(anonymous_3)","decl":{"start":{"line":49,"column":31},"end":{"line":49,"column":32}},"loc":{"start":{"line":49,"column":38},"end":{"line":53,"column":7}},"line":49},"4":{"name":"(anonymous_4)","decl":{"start":{"line":82,"column":2},"end":{"line":82,"column":3}},"loc":{"start":{"line":82,"column":28},"end":{"line":105,"column":3}},"line":82}},"branchMap":{"0":{"loc":{"start":{"line":10,"column":6},"end":{"line":14,"column":7}},"type":"if","locations":[{"start":{"line":10,"column":6},"end":{"line":14,"column":7}},{"start":{},"end":{}}],"line":10},"1":{"loc":{"start":{"line":18,"column":6},"end":{"line":18,"column":52}},"type":"if","locations":[{"start":{"line":18,"column":6},"end":{"line":18,"column":52}},{"start":{},"end":{}}],"line":18},"2":{"loc":{"start":{"line":37,"column":6},"end":{"line":41,"column":7}},"type":"if","locations":[{"start":{"line":37,"column":6},"end":{"line":41,"column":7}},{"start":{},"end":{}}],"line":37},"3":{"loc":{"start":{"line":50,"column":8},"end":{"line":52,"column":9}},"type":"if","locations":[{"start":{"line":50,"column":8},"end":{"line":52,"column":9}},{"start":{},"end":{}}],"line":50},"4":{"loc":{"start":{"line":50,"column":12},"end":{"line":50,"column":74}},"type":"binary-expr","locations":[{"start":{"line":50,"column":12},"end":{"line":50,"column":34}},{"start":{"line":50,"column":38},"end":{"line":50,"column":55}},{"start":{"line":50,"column":59},"end":{"line":50,"column":74}}],"line":50},"5":{"loc":{"start":{"line":55,"column":6},"end":{"line":59,"column":7}},"type":"if","locations":[{"start":{"line":55,"column":6},"end":{"line":59,"column":7}},{"start":{},"end":{}}],"line":55},"6":{"loc":{"start":{"line":67,"column":6},"end":{"line":76,"column":7}},"type":"if","locations":[{"start":{"line":67,"column":6},"end":{"line":76,"column":7}},{"start":{"line":70,"column":13},"end":{"line":76,"column":7}}],"line":67},"7":{"loc":{"start":{"line":70,"column":13},"end":{"line":76,"column":7}},"type":"if","locations":[{"start":{"line":70,"column":13},"end":{"line":76,"column":7}},{"start":{"line":73,"column":13},"end":{"line":76,"column":7}}],"line":70},"8":{"loc":{"start":{"line":73,"column":13},"end":{"line":76,"column":7}},"type":"if","locations":[{"start":{"line":73,"column":13},"end":{"line":76,"column":7}},{"start":{},"end":{}}],"line":73},"9":{"loc":{"start":{"line":85,"column":6},"end":{"line":89,"column":7}},"type":"if","locations":[{"start":{"line":85,"column":6},"end":{"line":89,"column":7}},{"start":{},"end":{}}],"line":85},"10":{"loc":{"start":{"line":95,"column":6},"end":{"line":101,"column":7}},"type":"if","locations":[{"start":{"line":95,"column":6},"end":{"line":101,"column":7}},{"start":{"line":98,"column":13},"end":{"line":101,"column":7}}],"line":95},"11":{"loc":{"start":{"line":98,"column":13},"end":{"line":101,"column":7}},"type":"if","locations":[{"start":{"line":98,"column":13},"end":{"line":101,"column":7}},{"start":{},"end":{}}],"line":98}},"s":{"0":1,"1":1,"2":1,"3":2,"4":2,"5":2,"6":1,"7":1,"8":1,"9":1,"10":1,"11":1,"12":0,"13":1,"14":0,"15":0,"16":0,"17":0,"18":0,"19":0,"20":3,"21":3,"22":3,"23":1,"24":1,"25":1,"26":2,"27":2,"28":2,"29":2,"30":2,"31":8,"32":2,"33":2,"34":1,"35":1,"36":1,"37":1,"38":1,"39":2,"40":2,"41":0,"42":0,"43":2,"44":0,"45":0,"46":2,"47":0,"48":0,"49":2,"50":2,"51":2,"52":2,"53":1,"54":1,"55":1,"56":1,"57":1,"58":1,"59":0,"60":0,"61":1,"62":0,"63":0,"64":1,"65":1},"f":{"0":2,"1":0,"2":3,"3":8,"4":2},"b":{"0":[1,1],"1":[0,1],"2":[1,2],"3":[2,6],"4":[8,6,5],"5":[1,1],"6":[0,2],"7":[0,2],"8":[0,2],"9":[1,1],"10":[0,1],"11":[0,1]},"_coverageSchema":"1a1c01bbd47fc00a2c39e90264f33305004495a9","hash":"717f211afebbca1b3bfe2a287f18298edaaa10ea"}
,"C:\\Users\\jaramias\\Desktop\\people_project\\project_root\\lambdas\\api_node\\domain\\person.js": {"path":"C:\\Users\\jaramias\\Desktop\\people_project\\project_root\\lambdas\\api_node\\domain\\person.js","statementMap":{"0":{"start":{"line":3,"column":4},"end":{"line":5,"column":5}},"1":{"start":{"line":4,"column":6},"end":{"line":4,"column":99}},"2":{"start":{"line":7,"column":4},"end":{"line":7,"column":41}},"3":{"start":{"line":8,"column":4},"end":{"line":8,"column":31}},"4":{"start":{"line":9,"column":4},"end":{"line":9,"column":25}},"5":{"start":{"line":10,"column":4},"end":{"line":10,"column":29}},"6":{"start":{"line":11,"column":4},"end":{"line":11,"column":33}},"7":{"start":{"line":15,"column":4},"end":{"line":15,"column":49}},"8":{"start":{"line":15,"column":22},"end":{"line":15,"column":49}},"9":{"start":{"line":16,"column":4},"end":{"line":16,"column":55}},"10":{"start":{"line":16,"column":24},"end":{"line":16,"column":55}},"11":{"start":{"line":17,"column":4},"end":{"line":17,"column":49}},"12":{"start":{"line":17,"column":22},"end":{"line":17,"column":49}},"13":{"start":{"line":21,"column":4},"end":{"line":27,"column":6}},"14":{"start":{"line":38,"column":0},"end":{"line":38,"column":29}}},"fnMap":{"0":{"name":"(anonymous_0)","decl":{"start":{"line":2,"column":2},"end":{"line":2,"column":3}},"loc":{"start":{"line":2,"column":71},"end":{"line":12,"column":3}},"line":2},"1":{"name":"(anonymous_1)","decl":{"start":{"line":14,"column":2},"end":{"line":14,"column":3}},"loc":{"start":{"line":14,"column":20},"end":{"line":18,"column":3}},"line":14},"2":{"name":"(anonymous_2)","decl":{"start":{"line":20,"column":2},"end":{"line":20,"column":3}},"loc":{"start":{"line":20,"column":11},"end":{"line":28,"column":3}},"line":20}},"branchMap":{"0":{"loc":{"start":{"line":3,"column":4},"end":{"line":5,"column":5}},"type":"if","locations":[{"start":{"line":3,"column":4},"end":{"line":5,"column":5}},{"start":{},"end":{}}],"line":3},"1":{"loc":{"start":{"line":3,"column":8},"end":{"line":3,"column":61}},"type":"binary-expr","locations":[{"start":{"line":3,"column":8},"end":{"line":3,"column":23}},{"start":{"line":3,"column":27},"end":{"line":3,"column":37}},{"start":{"line":3,"column":41},"end":{"line":3,"column":48}},{"start":{"line":3,"column":52},"end":{"line":3,"column":61}}],"line":3},"2":{"loc":{"start":{"line":11,"column":18},"end":{"line":11,"column":32}},"type":"binary-expr","locations":[{"start":{"line":11,"column":18},"end":{"line":11,"column":24}},{"start":{"line":11,"column":28},"end":{"line":11,"column":32}}],"line":11},"3":{"loc":{"start":{"line":15,"column":4},"end":{"line":15,"column":49}},"type":"if","locations":[{"start":{"line":15,"column":4},"end":{"line":15,"column":49}},{"start":{},"end":{}}],"line":15},"4":{"loc":{"start":{"line":16,"column":4},"end":{"line":16,"column":55}},"type":"if","locations":[{"start":{"line":16,"column":4},"end":{"line":16,"column":55}},{"start":{},"end":{}}],"line":16},"5":{"loc":{"start":{"line":17,"column":4},"end":{"line":17,"column":49}},"type":"if","locations":[{"start":{"line":17,"column":4},"end":{"line":17,"column":49}},{"start":{},"end":{}}],"line":17}},"s":{"0":8,"1":4,"2":4,"3":4,"4":4,"5":4,"6":4,"7":1,"8":1,"9":1,"10":0,"11":1,"12":0,"13":2,"14":1},"f":{"0":8,"1":1,"2":2},"b":{"0":[4,4],"1":[8,7,6,5],"2":[4,4],"3":[1,0],"4":[0,1],"5":[0,1]},"_coverageSchema":"1a1c01bbd47fc00a2c39e90264f33305004495a9","hash":"94b570ceb2f7e3b7d7e58ce535a330f80097e427"}
,"C:\\Users\\jaramias\\Desktop\\people_project\\project_root\\lambdas\\api_node\\infrastructure\\dynamo_repository.js": {"path":"C:\\Users\\jaramias\\Desktop\\people_project\\project_root\\lambdas\\api_node\\infrastructure\\dynamo_repository.js","statementMap":{"0":{"start":{"line":1,"column":12},"end":{"line":1,"column":30}},"1":{"start":{"line":2,"column":15},"end":{"line":2,"column":48}},"2":{"start":{"line":6,"column":4},"end":{"line":6,"column":46}},"3":{"start":{"line":10,"column":4},"end":{"line":30,"column":5}},"4":{"start":{"line":11,"column":21},"end":{"line":14,"column":7}},"5":{"start":{"line":16,"column":21},"end":{"line":16,"column":55}},"6":{"start":{"line":17,"column":6},"end":{"line":21,"column":7}},"7":{"start":{"line":18,"column":20},"end":{"line":18,"column":54}},"8":{"start":{"line":19,"column":8},"end":{"line":19,"column":29}},"9":{"start":{"line":20,"column":8},"end":{"line":20,"column":18}},"10":{"start":{"line":23,"column":6},"end":{"line":23,"column":25}},"11":{"start":{"line":26,"column":6},"end":{"line":26,"column":50}},"12":{"start":{"line":28,"column":6},"end":{"line":28,"column":49}},"13":{"start":{"line":28,"column":37},"end":{"line":28,"column":49}},"14":{"start":{"line":29,"column":6},"end":{"line":29,"column":56}},"15":{"start":{"line":34,"column":4},"end":{"line":42,"column":5}},"16":{"start":{"line":35,"column":21},"end":{"line":35,"column":50}},"17":{"start":{"line":36,"column":21},"end":{"line":36,"column":56}},"18":{"start":{"line":37,"column":6},"end":{"line":37,"column":32}},"19":{"start":{"line":39,"column":6},"end":{"line":39,"column":53}},"20":{"start":{"line":40,"column":6},"end":{"line":40,"column":49}},"21":{"start":{"line":40,"column":37},"end":{"line":40,"column":49}},"22":{"start":{"line":41,"column":6},"end":{"line":41,"column":56}},"23":{"start":{"line":46,"column":4},"end":{"line":50,"column":5}},"24":{"start":{"line":47,"column":18},"end":{"line":47,"column":67}},"25":{"start":{"line":48,"column":6},"end":{"line":48,"column":27}},"26":{"start":{"line":49,"column":6},"end":{"line":49,"column":16}},"27":{"start":{"line":52,"column":4},"end":{"line":99,"column":5}},"28":{"start":{"line":53,"column":25},"end":{"line":53,"column":27}},"29":{"start":{"line":54,"column":29},"end":{"line":54,"column":31}},"30":{"start":{"line":55,"column":28},"end":{"line":55,"column":30}},"31":{"start":{"line":57,"column":6},"end":{"line":63,"column":9}},"32":{"start":{"line":58,"column":8},"end":{"line":62,"column":9}},"33":{"start":{"line":59,"column":10},"end":{"line":59,"column":43}},"34":{"start":{"line":60,"column":10},"end":{"line":60,"column":37}},"35":{"start":{"line":61,"column":10},"end":{"line":61,"column":45}},"36":{"start":{"line":65,"column":6},"end":{"line":69,"column":7}},"37":{"start":{"line":66,"column":20},"end":{"line":66,"column":81}},"38":{"start":{"line":67,"column":8},"end":{"line":67,"column":29}},"39":{"start":{"line":68,"column":8},"end":{"line":68,"column":18}},"40":{"start":{"line":71,"column":21},"end":{"line":79,"column":7}},"41":{"start":{"line":81,"column":6},"end":{"line":81,"column":72}},"42":{"start":{"line":83,"column":21},"end":{"line":83,"column":58}},"43":{"start":{"line":84,"column":6},"end":{"line":84,"column":31}},"44":{"start":{"line":86,"column":6},"end":{"line":90,"column":7}},"45":{"start":{"line":87,"column":20},"end":{"line":87,"column":78}},"46":{"start":{"line":88,"column":8},"end":{"line":88,"column":29}},"47":{"start":{"line":89,"column":8},"end":{"line":89,"column":18}},"48":{"start":{"line":91,"column":6},"end":{"line":95,"column":7}},"49":{"start":{"line":92,"column":20},"end":{"line":92,"column":65}},"50":{"start":{"line":93,"column":8},"end":{"line":93,"column":29}},"51":{"start":{"line":94,"column":8},"end":{"line":94,"column":18}},"52":{"start":{"line":96,"column":18},"end":{"line":96,"column":76}},"53":{"start":{"line":97,"column":6},"end":{"line":97,"column":27}},"54":{"start":{"line":98,"column":6},"end":{"line":98,"column":16}},"55":{"start":{"line":103,"column":4},"end":{"line":117,"column":5}},"56":{"start":{"line":104,"column":21},"end":{"line":108,"column":7}},"57":{"start":{"line":110,"column":6},"end":{"line":110,"column":44}},"58":{"start":{"line":111,"column":6},"end":{"line":111,"column":31}},"59":{"start":{"line":114,"column":6},"end":{"line":114,"column":53}},"60":{"start":{"line":115,"column":6},"end":{"line":115,"column":49}},"61":{"start":{"line":115,"column":37},"end":{"line":115,"column":49}},"62":{"start":{"line":116,"column":6},"end":{"line":116,"column":57}},"63":{"start":{"line":121,"column":4},"end":{"line":125,"column":5}},"64":{"start":{"line":122,"column":18},"end":{"line":122,"column":78}},"65":{"start":{"line":123,"column":6},"end":{"line":123,"column":27}},"66":{"start":{"line":124,"column":6},"end":{"line":124,"column":16}},"67":{"start":{"line":127,"column":4},"end":{"line":131,"column":5}},"68":{"start":{"line":128,"column":18},"end":{"line":128,"column":66}},"69":{"start":{"line":129,"column":6},"end":{"line":129,"column":27}},"70":{"start":{"line":130,"column":6},"end":{"line":130,"column":16}},"71":{"start":{"line":133,"column":16},"end":{"line":133,"column":58}},"72":{"start":{"line":134,"column":4},"end":{"line":134,"column":25}},"73":{"start":{"line":135,"column":4},"end":{"line":135,"column":14}},"74":{"start":{"line":139,"column":0},"end":{"line":139,"column":38}}},"fnMap":{"0":{"name":"(anonymous_0)","decl":{"start":{"line":5,"column":2},"end":{"line":5,"column":3}},"loc":{"start":{"line":5,"column":16},"end":{"line":7,"column":3}},"line":5},"1":{"name":"(anonymous_1)","decl":{"start":{"line":9,"column":2},"end":{"line":9,"column":3}},"loc":{"start":{"line":9,"column":29},"end":{"line":31,"column":3}},"line":9},"2":{"name":"(anonymous_2)","decl":{"start":{"line":33,"column":2},"end":{"line":33,"column":3}},"loc":{"start":{"line":33,"column":23},"end":{"line":43,"column":3}},"line":33},"3":{"name":"(anonymous_3)","decl":{"start":{"line":45,"column":2},"end":{"line":45,"column":3}},"loc":{"start":{"line":45,"column":39},"end":{"line":100,"column":3}},"line":45},"4":{"name":"(anonymous_4)","decl":{"start":{"line":57,"column":33},"end":{"line":57,"column":34}},"loc":{"start":{"line":57,"column":40},"end":{"line":63,"column":7}},"line":57},"5":{"name":"(anonymous_5)","decl":{"start":{"line":102,"column":2},"end":{"line":102,"column":3}},"loc":{"start":{"line":102,"column":32},"end":{"line":118,"column":3}},"line":102},"6":{"name":"(anonymous_6)","decl":{"start":{"line":120,"column":2},"end":{"line":120,"column":3}},"loc":{"start":{"line":120,"column":39},"end":{"line":136,"column":3}},"line":120}},"branchMap":{"0":{"loc":{"start":{"line":17,"column":6},"end":{"line":21,"column":7}},"type":"if","locations":[{"start":{"line":17,"column":6},"end":{"line":21,"column":7}},{"start":{},"end":{}}],"line":17},"1":{"loc":{"start":{"line":28,"column":6},"end":{"line":28,"column":49}},"type":"if","locations":[{"start":{"line":28,"column":6},"end":{"line":28,"column":49}},{"start":{},"end":{}}],"line":28},"2":{"loc":{"start":{"line":28,"column":10},"end":{"line":28,"column":35}},"type":"binary-expr","locations":[{"start":{"line":28,"column":10},"end":{"line":28,"column":15}},{"start":{"line":28,"column":19},"end":{"line":28,"column":35}}],"line":28},"3":{"loc":{"start":{"line":37,"column":13},"end":{"line":37,"column":31}},"type":"binary-expr","locations":[{"start":{"line":37,"column":13},"end":{"line":37,"column":25}},{"start":{"line":37,"column":29},"end":{"line":37,"column":31}}],"line":37},"4":{"loc":{"start":{"line":40,"column":6},"end":{"line":40,"column":49}},"type":"if","locations":[{"start":{"line":40,"column":6},"end":{"line":40,"column":49}},{"start":{},"end":{}}],"line":40},"5":{"loc":{"start":{"line":40,"column":10},"end":{"line":40,"column":35}},"type":"binary-expr","locations":[{"start":{"line":40,"column":10},"end":{"line":40,"column":15}},{"start":{"line":40,"column":19},"end":{"line":40,"column":35}}],"line":40},"6":{"loc":{"start":{"line":46,"column":4},"end":{"line":50,"column":5}},"type":"if","locations":[{"start":{"line":46,"column":4},"end":{"line":50,"column":5}},{"start":{},"end":{}}],"line":46},"7":{"loc":{"start":{"line":46,"column":8},"end":{"line":46,"column":49}},"type":"binary-expr","locations":[{"start":{"line":46,"column":8},"end":{"line":46,"column":14}},{"start":{"line":46,"column":18},"end":{"line":46,"column":49}}],"line":46},"8":{"loc":{"start":{"line":58,"column":8},"end":{"line":62,"column":9}},"type":"if","locations":[{"start":{"line":58,"column":8},"end":{"line":62,"column":9}},{"start":{},"end":{}}],"line":58},"9":{"loc":{"start":{"line":58,"column":12},"end":{"line":58,"column":55}},"type":"binary-expr","locations":[{"start":{"line":58,"column":12},"end":{"line":58,"column":34}},{"start":{"line":58,"column":38},"end":{"line":58,"column":55}}],"line":58},"10":{"loc":{"start":{"line":65,"column":6},"end":{"line":69,"column":7}},"type":"if","locations":[{"start":{"line":65,"column":6},"end":{"line":69,"column":7}},{"start":{},"end":{}}],"line":65},"11":{"loc":{"start":{"line":86,"column":6},"end":{"line":90,"column":7}},"type":"if","locations":[{"start":{"line":86,"column":6},"end":{"line":90,"column":7}},{"start":{},"end":{}}],"line":86},"12":{"loc":{"start":{"line":91,"column":6},"end":{"line":95,"column":7}},"type":"if","locations":[{"start":{"line":91,"column":6},"end":{"line":95,"column":7}},{"start":{},"end":{}}],"line":91},"13":{"loc":{"start":{"line":115,"column":6},"end":{"line":115,"column":49}},"type":"if","locations":[{"start":{"line":115,"column":6},"end":{"line":115,"column":49}},{"start":{},"end":{}}],"line":115},"14":{"loc":{"start":{"line":115,"column":10},"end":{"line":115,"column":35}},"type":"binary-expr","locations":[{"start":{"line":115,"column":10},"end":{"line":115,"column":15}},{"start":{"line":115,"column":19},"end":{"line":115,"column":35}}],"line":115},"15":{"loc":{"start":{"line":121,"column":4},"end":{"line":125,"column":5}},"type":"if","locations":[{"start":{"line":121,"column":4},"end":{"line":125,"column":5}},{"start":{},"end":{}}],"line":121},"16":{"loc":{"start":{"line":127,"column":4},"end":{"line":131,"column":5}},"type":"if","locations":[{"start":{"line":127,"column":4},"end":{"line":131,"column":5}},{"start":{},"end":{}}],"line":127}},"s":{"0":1,"1":1,"2":12,"3":2,"4":2,"5":2,"6":2,"7":1,"8":1,"9":1,"10":1,"11":1,"12":1,"13":1,"14":0,"15":2,"16":2,"17":2,"18":1,"19":1,"20":1,"21":0,"22":1,"23":4,"24":1,"25":1,"26":1,"27":3,"28":3,"29":3,"30":3,"31":3,"32":3,"33":3,"34":3,"35":3,"36":3,"37":0,"38":0,"39":0,"40":3,"41":3,"42":3,"43":1,"44":2,"45":0,"46":0,"47":0,"48":2,"49":1,"50":1,"51":1,"52":1,"53":1,"54":1,"55":2,"56":2,"57":2,"58":1,"59":1,"60":1,"61":0,"62":1,"63":2,"64":1,"65":1,"66":1,"67":1,"68":0,"69":0,"70":0,"71":1,"72":1,"73":1,"74":1},"f":{"0":12,"1":2,"2":2,"3":4,"4":3,"5":2,"6":2},"b":{"0":[1,1],"1":[1,0],"2":[1,1],"3":[1,0],"4":[0,1],"5":[1,1],"6":[1,3],"7":[4,4],"8":[3,0],"9":[3,3],"10":[0,3],"11":[0,2],"12":[1,1],"13":[0,1],"14":[1,1],"15":[1,1],"16":[0,1]},"_coverageSchema":"1a1c01bbd47fc00a2c39e90264f33305004495a9","hash":"313e694042be2037031980c9e00069d8442d0427"}
}
