TN:
SF:handler.js
FN:4,(anonymous_0)
FN:14,(anonymous_1)
FN:32,(anonymous_2)
FN:41,(anonymous_3)
FN:67,(anonymous_4)
FNF:5
FNH:4
FNDA:1,(anonymous_0)
FNDA:3,(anonymous_1)
FNDA:0,(anonymous_2)
FNDA:2,(anonymous_3)
FNDA:2,(anonymous_4)
DA:1,1
DA:2,1
DA:4,1
DA:5,1
DA:6,1
DA:14,1
DA:15,3
DA:17,3
DA:18,1
DA:21,2
DA:22,2
DA:23,1
DA:24,0
DA:26,1
DA:28,1
DA:32,1
DA:33,0
DA:34,0
DA:35,0
DA:37,0
DA:41,1
DA:42,2
DA:44,2
DA:45,0
DA:49,2
DA:50,2
DA:52,1
DA:55,1
DA:56,1
DA:57,1
DA:59,0
DA:60,0
DA:61,0
DA:63,0
DA:67,1
DA:68,2
DA:70,2
DA:71,1
DA:74,1
DA:75,1
DA:76,1
DA:78,0
DA:79,0
DA:80,0
DA:82,0
LF:45
LH:31
BRDA:4,0,0,1
BRDA:7,1,0,1
BRDA:7,1,1,0
BRDA:9,2,0,1
BRDA:9,2,1,0
BRDA:17,3,0,1
BRDA:17,3,1,2
BRDA:23,4,0,0
BRDA:23,4,1,1
BRDA:44,5,0,0
BRDA:44,5,1,2
BRDA:50,6,0,2
BRDA:50,6,1,0
BRDA:59,7,0,0
BRDA:59,7,1,0
BRDA:70,8,0,1
BRDA:70,8,1,1
BRDA:78,9,0,0
BRDA:78,9,1,0
BRF:19
BRH:10
end_of_record
TN:
SF:application\person_service.js
FN:7,(anonymous_0)
FN:23,(anonymous_1)
FN:34,(anonymous_2)
FN:49,(anonymous_3)
FN:82,(anonymous_4)
FNF:5
FNH:4
FNDA:2,(anonymous_0)
FNDA:0,(anonymous_1)
FNDA:3,(anonymous_2)
FNDA:8,(anonymous_3)
FNDA:2,(anonymous_4)
DA:1,1
DA:2,1
DA:4,1
DA:8,2
DA:9,2
DA:10,2
DA:11,1
DA:12,1
DA:13,1
DA:15,1
DA:17,1
DA:18,1
DA:19,1
DA:24,0
DA:25,0
DA:27,0
DA:28,0
DA:29,0
DA:30,0
DA:35,3
DA:36,3
DA:37,3
DA:38,1
DA:39,1
DA:40,1
DA:43,2
DA:44,2
DA:46,2
DA:47,2
DA:49,2
DA:50,8
DA:51,2
DA:55,2
DA:56,1
DA:57,1
DA:58,1
DA:61,1
DA:62,1
DA:65,2
DA:67,2
DA:68,0
DA:69,0
DA:70,2
DA:71,0
DA:72,0
DA:73,2
DA:74,0
DA:75,0
DA:78,2
DA:83,2
DA:84,2
DA:85,2
DA:86,1
DA:87,1
DA:88,1
DA:91,1
DA:93,1
DA:95,1
DA:96,0
DA:97,0
DA:98,1
DA:99,0
DA:100,0
DA:103,1
DA:108,1
LF:65
LH:49
BRDA:10,0,0,1
BRDA:10,0,1,1
BRDA:18,1,0,0
BRDA:18,1,1,1
BRDA:37,2,0,1
BRDA:37,2,1,2
BRDA:50,3,0,2
BRDA:50,3,1,6
BRDA:50,4,0,8
BRDA:50,4,1,6
BRDA:50,4,2,5
BRDA:55,5,0,1
BRDA:55,5,1,1
BRDA:67,6,0,0
BRDA:67,6,1,2
BRDA:70,7,0,0
BRDA:70,7,1,2
BRDA:73,8,0,0
BRDA:73,8,1,2
BRDA:85,9,0,1
BRDA:85,9,1,1
BRDA:95,10,0,0
BRDA:95,10,1,1
BRDA:98,11,0,0
BRDA:98,11,1,1
BRF:25
BRH:19
end_of_record
TN:
SF:domain\person.js
FN:2,(anonymous_0)
FN:14,(anonymous_1)
FN:20,(anonymous_2)
FNF:3
FNH:2
FNDA:6,(anonymous_0)
FNDA:0,(anonymous_1)
FNDA:1,(anonymous_2)
DA:3,6
DA:4,4
DA:7,2
DA:8,2
DA:9,2
DA:10,2
DA:11,2
DA:15,0
DA:16,0
DA:17,0
DA:21,1
DA:30,1
LF:12
LH:9
BRDA:3,0,0,4
BRDA:3,0,1,2
BRDA:3,1,0,6
BRDA:3,1,1,5
BRDA:3,1,2,4
BRDA:3,1,3,3
BRDA:11,2,0,2
BRDA:11,2,1,2
BRDA:15,3,0,0
BRDA:15,3,1,0
BRDA:16,4,0,0
BRDA:16,4,1,0
BRDA:17,5,0,0
BRDA:17,5,1,0
BRF:14
BRH:8
end_of_record
TN:
SF:infrastructure\dynamo_repository.js
FN:5,(anonymous_0)
FN:9,(anonymous_1)
FN:33,(anonymous_2)
FN:45,(anonymous_3)
FN:57,(anonymous_4)
FN:93,(anonymous_5)
FN:111,(anonymous_6)
FNF:7
FNH:6
FNDA:8,(anonymous_0)
FNDA:2,(anonymous_1)
FNDA:1,(anonymous_2)
FNDA:2,(anonymous_3)
FNDA:1,(anonymous_4)
FNDA:1,(anonymous_5)
FNDA:0,(anonymous_6)
DA:1,1
DA:2,1
DA:6,8
DA:10,2
DA:11,2
DA:16,2
DA:17,2
DA:18,1
DA:19,1
DA:20,1
DA:23,1
DA:26,1
DA:28,1
DA:29,0
DA:34,1
DA:35,1
DA:36,1
DA:37,1
DA:39,0
DA:40,0
DA:41,0
DA:46,2
DA:47,2
DA:48,2
DA:49,2
DA:51,2
DA:52,1
DA:53,1
DA:54,1
DA:57,1
DA:58,1
DA:59,1
DA:60,1
DA:61,1
DA:65,1
DA:66,0
DA:67,0
DA:68,0
DA:71,1
DA:81,1
DA:83,1
DA:84,1
DA:87,1
DA:88,1
DA:89,0
DA:94,1
DA:95,1
DA:101,1
DA:102,1
DA:105,0
DA:106,0
DA:107,0
DA:112,0
DA:113,0
DA:114,0
DA:115,0
DA:118,0
DA:119,0
DA:120,0
DA:121,0
DA:124,0
DA:125,0
DA:126,0
DA:127,0
DA:130,0
DA:131,0
DA:132,0
DA:133,0
DA:137,1
LF:69
LH:42
BRDA:17,0,0,1
BRDA:17,0,1,1
BRDA:28,1,0,1
BRDA:28,1,1,0
BRDA:28,2,0,1
BRDA:28,2,1,1
BRDA:37,3,0,1
BRDA:37,3,1,0
BRDA:40,4,0,0
BRDA:40,4,1,0
BRDA:40,5,0,0
BRDA:40,5,1,0
BRDA:51,6,0,1
BRDA:51,6,1,1
BRDA:51,7,0,2
BRDA:51,7,1,2
BRDA:58,8,0,1
BRDA:58,8,1,0
BRDA:58,9,0,1
BRDA:58,9,1,1
BRDA:65,10,0,0
BRDA:65,10,1,1
BRDA:88,11,0,1
BRDA:88,11,1,0
BRDA:88,12,0,1
BRDA:88,12,1,1
BRDA:106,13,0,0
BRDA:106,13,1,0
BRDA:106,14,0,0
BRDA:106,14,1,0
BRDA:112,15,0,0
BRDA:112,15,1,0
BRDA:112,16,0,0
BRDA:112,16,1,0
BRDA:118,17,0,0
BRDA:118,17,1,0
BRDA:118,18,0,0
BRDA:118,18,1,0
BRDA:124,19,0,0
BRDA:124,19,1,0
BRDA:124,20,0,0
BRDA:124,20,1,0
BRDA:132,21,0,0
BRDA:132,21,1,0
BRF:44
BRH:17
end_of_record
