TN:
SF:handler.js
FN:23,(anonymous_0)
FN:36,(anonymous_1)
FN:45,(anonymous_2)
FN:70,(anonymous_3)
FNF:4
FNH:4
FNDA:4,(anonymous_0)
FNDA:2,(anonymous_1)
FNDA:4,(anonymous_2)
FNDA:4,(anonymous_3)
DA:1,1
DA:2,1
DA:23,1
DA:24,4
DA:25,1
DA:28,3
DA:29,3
DA:30,1
DA:32,2
DA:36,1
DA:37,2
DA:38,2
DA:39,1
DA:41,1
DA:45,1
DA:46,4
DA:47,0
DA:51,4
DA:52,4
DA:54,2
DA:57,2
DA:58,2
DA:59,1
DA:62,1
DA:63,0
DA:64,0
DA:66,1
DA:70,1
DA:71,4
DA:73,4
DA:74,1
DA:77,3
DA:78,3
DA:79,1
DA:81,2
DA:82,1
DA:83,1
DA:85,2
LF:38
LH:35
BRDA:24,0,0,1
BRDA:24,0,1,3
BRDA:46,1,0,0
BRDA:46,1,1,4
BRDA:52,2,0,4
BRDA:52,2,1,0
BRDA:62,3,0,0
BRDA:73,4,0,1
BRDA:73,4,1,3
BRDA:81,5,0,1
BRDA:81,5,1,1
BRF:11
BRH:8
end_of_record
TN:
SF:application\person_service.js
FN:7,(anonymous_0)
FN:23,(anonymous_1)
FN:34,(anonymous_2)
FN:49,(anonymous_3)
FN:82,(anonymous_4)
FNF:5
FNH:4
FNDA:2,(anonymous_0)
FNDA:0,(anonymous_1)
FNDA:3,(anonymous_2)
FNDA:8,(anonymous_3)
FNDA:2,(anonymous_4)
DA:1,1
DA:2,1
DA:4,1
DA:8,2
DA:9,2
DA:10,2
DA:11,1
DA:12,1
DA:13,1
DA:15,1
DA:17,1
DA:18,1
DA:19,1
DA:24,0
DA:25,0
DA:27,0
DA:28,0
DA:29,0
DA:30,0
DA:35,3
DA:36,3
DA:37,3
DA:38,1
DA:39,1
DA:40,1
DA:43,2
DA:44,2
DA:46,2
DA:47,2
DA:49,2
DA:50,8
DA:51,2
DA:55,2
DA:56,1
DA:57,1
DA:58,1
DA:61,1
DA:62,1
DA:65,2
DA:67,2
DA:68,0
DA:69,0
DA:70,2
DA:71,0
DA:72,0
DA:73,2
DA:74,0
DA:75,0
DA:78,2
DA:83,2
DA:84,2
DA:85,2
DA:86,1
DA:87,1
DA:88,1
DA:91,1
DA:93,1
DA:95,1
DA:96,0
DA:97,0
DA:98,1
DA:99,0
DA:100,0
DA:103,1
DA:126,1
LF:65
LH:49
BRDA:10,0,0,1
BRDA:10,0,1,1
BRDA:18,1,0,0
BRDA:18,1,1,1
BRDA:37,2,0,1
BRDA:37,2,1,2
BRDA:50,3,0,2
BRDA:50,3,1,6
BRDA:50,4,0,8
BRDA:50,4,1,6
BRDA:50,4,2,5
BRDA:55,5,0,1
BRDA:55,5,1,1
BRDA:67,6,0,0
BRDA:67,6,1,2
BRDA:70,7,0,0
BRDA:70,7,1,2
BRDA:73,8,0,0
BRDA:73,8,1,2
BRDA:85,9,0,1
BRDA:85,9,1,1
BRDA:95,10,0,0
BRDA:95,10,1,1
BRDA:98,11,0,0
BRDA:98,11,1,1
BRF:25
BRH:19
end_of_record
TN:
SF:domain\person.js
FN:2,(anonymous_0)
FN:14,(anonymous_1)
FN:20,(anonymous_2)
FNF:3
FNH:3
FNDA:8,(anonymous_0)
FNDA:1,(anonymous_1)
FNDA:2,(anonymous_2)
DA:3,8
DA:4,4
DA:7,4
DA:8,4
DA:9,4
DA:10,4
DA:11,4
DA:15,1
DA:16,1
DA:17,1
DA:21,2
DA:38,1
LF:12
LH:12
BRDA:3,0,0,4
BRDA:3,0,1,4
BRDA:3,1,0,8
BRDA:3,1,1,7
BRDA:3,1,2,6
BRDA:3,1,3,5
BRDA:11,2,0,4
BRDA:11,2,1,4
BRDA:15,3,0,1
BRDA:15,3,1,0
BRDA:16,4,0,0
BRDA:16,4,1,1
BRDA:17,5,0,0
BRDA:17,5,1,1
BRF:14
BRH:11
end_of_record
TN:
SF:infrastructure\dynamo_repository.js
FN:5,(anonymous_0)
FN:9,(anonymous_1)
FN:33,(anonymous_2)
FN:45,(anonymous_3)
FN:57,(anonymous_4)
FN:102,(anonymous_5)
FN:120,(anonymous_6)
FNF:7
FNH:7
FNDA:12,(anonymous_0)
FNDA:2,(anonymous_1)
FNDA:2,(anonymous_2)
FNDA:4,(anonymous_3)
FNDA:3,(anonymous_4)
FNDA:2,(anonymous_5)
FNDA:2,(anonymous_6)
DA:1,1
DA:2,1
DA:6,12
DA:10,2
DA:11,2
DA:16,2
DA:17,2
DA:18,1
DA:19,1
DA:20,1
DA:23,1
DA:26,1
DA:28,1
DA:29,0
DA:34,2
DA:35,2
DA:36,2
DA:37,1
DA:39,1
DA:40,1
DA:41,1
DA:46,4
DA:47,1
DA:48,1
DA:49,1
DA:52,3
DA:53,3
DA:54,3
DA:55,3
DA:57,3
DA:58,3
DA:59,3
DA:60,3
DA:61,3
DA:65,3
DA:66,0
DA:67,0
DA:68,0
DA:71,3
DA:81,3
DA:83,3
DA:84,1
DA:86,2
DA:87,0
DA:88,0
DA:89,0
DA:91,2
DA:92,1
DA:93,1
DA:94,1
DA:96,1
DA:97,1
DA:98,1
DA:103,2
DA:104,2
DA:110,2
DA:111,1
DA:114,1
DA:115,1
DA:116,1
DA:121,2
DA:122,1
DA:123,1
DA:124,1
DA:127,1
DA:128,0
DA:129,0
DA:130,0
DA:133,1
DA:134,1
DA:135,1
DA:139,1
LF:72
LH:62
BRDA:17,0,0,1
BRDA:17,0,1,1
BRDA:28,1,0,1
BRDA:28,1,1,0
BRDA:28,2,0,1
BRDA:28,2,1,1
BRDA:37,3,0,1
BRDA:37,3,1,0
BRDA:40,4,0,0
BRDA:40,4,1,1
BRDA:40,5,0,1
BRDA:40,5,1,1
BRDA:46,6,0,1
BRDA:46,6,1,3
BRDA:46,7,0,4
BRDA:46,7,1,4
BRDA:58,8,0,3
BRDA:58,8,1,0
BRDA:58,9,0,3
BRDA:58,9,1,3
BRDA:65,10,0,0
BRDA:65,10,1,3
BRDA:86,11,0,0
BRDA:86,11,1,2
BRDA:91,12,0,1
BRDA:91,12,1,1
BRDA:115,13,0,0
BRDA:115,13,1,1
BRDA:115,14,0,1
BRDA:115,14,1,1
BRDA:121,15,0,1
BRDA:121,15,1,1
BRDA:127,16,0,0
BRDA:127,16,1,1
BRF:34
BRH:26
end_of_record
